/media/Shared/index/Index1391679013.txt
maxy = 1048576 curr = 1048576 file = 0
/media/Shared/index/Index1391679039.txt
maxy = 1048576 curr = 1048576 file = 1
/media/Shared/index/Index1391679064.txt
maxy = 1048576 curr = 1048576 file = 2
/media/Shared/index/Index1391679090.txt
maxy = 1048576 curr = 1048576 file = 3
maxy = 1048576 curr = 182 file = 0
maxy = 1048576 curr = 299 file = 0
maxy = 1048576 curr = 65 file = 2
maxy = 1048576 curr = 67 file = 1
maxy = 1048576 curr = 92 file = 3
4022272 3985408 3784704 3780608 3784704 3985408 4022272 3780608 18522046464 16684941312 4490264576 18284019712 18519949312 1809580032 18862833664 19133366272 19312672768 19315818496 16248733696 7447511040 1179648000 6718226432 3494903808 3379560448 1688207360 3353346048 3352297472 826802176 3296722944 3190816768 3179282432 393216000 10454302720 26622296064 26249003008 26246905856 26047676416 25544359936 25216155648 24411897856 24273485824 24240979968 22176333824 10902568960 21203255296 10553917440 3654287360 20742930432 13498318848 3224895488 3224633344 12523143168 3107454976 6105333760 11768168448 2661023744 9897508864 9895411712 695205888 9272557568 2472542208 3352297472 826802176 3296722944 3190816768 3179282432 393216000 3099590656 3084910592 1515192320 2971664384 695205888 2528116736 3353346048 583794688 1090519040 2116026368 2078277632 7471104 1718272 5496832 1359872 3637248 3452928 3141632 1361920 5496832 3084910592 1515192320 2971664384 593920 2528116736 2472542208 583794688 1090519040 2116026368 2078277632 7471104 1718272 3099590656 1359872 3637248 3452928 3141632 1361920 593920 1809580032 6718226432 3494903808 3379560448 1688207360 
maxy = 1048576 curr = 89 file = 1
maxy = 1048576 curr = 112 file = 3
maxy = 1048576 curr = 102 file = 2
20743979008 22894608384 26577207296 20743979008 22894608384 26577207296 4292870144 4417912832 18136170496 4555014144 4555276288 4863033344 
maxy = 1048576 curr = 150 file = 3
maxy = 1048576 curr = 151 file = 1
maxy = 1048576 curr = 139 file = 2
8057257984 19259195392 19133366272 18999148544 2257715200 8606187520 7358382080 11887706112 2943352832 9199157248 8543797248 8166309888 4057989120 8096055296 8070889472 7532969984 7836008448 1895038976 7532969984 11887706112 2943352832 9199157248 8543797248 8166309888 4057989120 8096055296 8070889472 8057257984 7836008448 1895038976 
maxy = 1048576 curr = 233 file = 1
maxy = 1048576 curr = 158 file = 2
4037279744 17214472192 17588813824 4037279744 17214472192 17588813824 
maxy = 1048576 curr = 177 file = 2
maxy = 1048576 curr = 208 file = 2
7358382080 8606187520 9038725120 18999148544 19259195392 7358382080 8606187520 9038725120 18999148544 19259195392 
maxy = 1048576 curr = 231 file = 2
